TN:
SF:D:/Project Repo New/wfw-search-filters/src/polyfills.ts
FNF:0
FNH:0
DA:41,1
DA:42,1
DA:56,1
LF:3
LH:3
BRF:0
BRH:0
end_of_record
TN:
SF:D:/Project Repo New/wfw-search-filters/src/test.ts
FN:20,(anonymous_0)
FNF:1
FNH:1
FNDA:1,(anonymous_0)
DA:3,1
DA:4,1
DA:5,1
DA:6,1
DA:7,1
DA:8,1
DA:9,1
DA:10,1
DA:20,1
DA:23,1
DA:28,1
DA:30,1
DA:32,1
LF:13
LH:13
BRF:0
BRH:0
end_of_record
TN:
SF:D:/Project Repo New/wfw-search-filters/src/app/app.component.ts
FN:8,(anonymous_1)
FN:3,AppComponent
FNF:2
FNH:1
FNDA:1,(anonymous_1)
FNDA:0,AppComponent
DA:1,1
DA:8,1
DA:9,0
DA:10,1
LF:4
LH:3
BRF:0
BRH:0
end_of_record
TN:
SF:D:/Project Repo New/wfw-search-filters/src/app/search-filters-module/components/available-refinements/available-refinements.component.ts
FN:16,(anonymous_2)
FN:24,AvailableRefinementsComponent
FN:28,(anonymous_4)
FN:56,(anonymous_5)
FN:84,(anonymous_6)
FN:96,(anonymous_7)
FNF:6
FNH:1
FNDA:1,(anonymous_2)
FNDA:0,AvailableRefinementsComponent
FNDA:0,(anonymous_4)
FNDA:0,(anonymous_5)
FNDA:0,(anonymous_6)
FNDA:0,(anonymous_7)
DA:1,1
DA:5,1
DA:6,1
DA:16,1
DA:25,0
DA:26,0
DA:28,1
DA:29,0
DA:56,0
DA:57,0
DA:59,0
DA:61,0
DA:64,0
DA:65,0
DA:68,0
DA:71,0
DA:72,0
DA:77,0
DA:79,0
DA:80,0
DA:84,0
DA:85,0
DA:86,0
DA:87,0
DA:96,1
DA:97,0
DA:100,1
LF:27
LH:7
BRDA:59,0,0,0
BRDA:59,0,1,0
BRDA:64,1,0,0
BRDA:64,1,1,0
BRDA:71,2,0,0
BRDA:71,2,1,0
BRDA:77,3,0,0
BRDA:77,3,1,0
BRDA:77,4,0,0
BRDA:77,4,1,0
BRDA:25,5,0,1
BRDA:25,5,1,0
BRDA:25,6,0,1
BRDA:25,7,0,1
BRDA:25,7,1,1
BRDA:25,7,2,0
BRDA:25,8,0,1
BRDA:25,8,1,1
BRF:18
BRH:6
end_of_record
TN:
SF:D:/Project Repo New/wfw-search-filters/src/app/search-filters-module/components/filter-chips/filter-chips.component.ts
FN:8,(anonymous_2)
FN:13,FilterChipsComponent
FN:15,(anonymous_4)
FN:23,(anonymous_5)
FNF:4
FNH:1
FNDA:1,(anonymous_2)
FNDA:0,FilterChipsComponent
FNDA:0,(anonymous_4)
FNDA:0,(anonymous_5)
DA:1,1
DA:8,1
DA:10,1
DA:11,1
DA:15,1
DA:16,0
DA:23,1
DA:24,0
DA:27,1
LF:9
LH:7
BRDA:11,0,0,1
BRDA:11,0,1,0
BRDA:11,1,0,1
BRF:3
BRH:2
end_of_record
TN:
SF:D:/Project Repo New/wfw-search-filters/src/app/search-filters-module/components/save-refinements-form/save-refinements-form.component.ts
FN:12,(anonymous_2)
FN:20,SaveRefinementsFormComponent
FN:22,(anonymous_4)
FN:32,(anonymous_5)
FNF:4
FNH:1
FNDA:1,(anonymous_2)
FNDA:0,SaveRefinementsFormComponent
FNDA:0,(anonymous_4)
FNDA:0,(anonymous_5)
DA:1,1
DA:2,1
DA:12,1
DA:15,0
DA:16,0
DA:17,1
DA:18,1
DA:22,1
DA:23,0
DA:32,1
DA:33,0
DA:34,0
DA:38,0
DA:39,0
DA:42,1
LF:15
LH:8
BRF:0
BRH:0
end_of_record
TN:
SF:D:/Project Repo New/wfw-search-filters/src/app/search-filters-module/components/search-filters/search-filters.component.ts
FN:12,(anonymous_2)
FN:13,SearchFiltersComponent
FN:18,(anonymous_4)
FN:25,(anonymous_5)
FN:36,(anonymous_6)
FNF:5
FNH:1
FNDA:1,(anonymous_2)
FNDA:0,SearchFiltersComponent
FNDA:0,(anonymous_4)
FNDA:0,(anonymous_5)
FNDA:0,(anonymous_6)
DA:1,1
DA:2,1
DA:3,1
DA:5,1
DA:12,1
DA:13,0
DA:14,0
DA:15,0
DA:16,0
DA:18,0
DA:19,0
DA:20,0
DA:25,1
DA:26,0
DA:27,0
DA:36,1
DA:37,0
DA:38,0
DA:39,0
DA:40,0
DA:41,0
DA:54,1
LF:22
LH:8
BRDA:19,0,0,0
BRDA:19,0,1,0
BRDA:14,1,0,1
BRDA:14,1,1,0
BRDA:14,2,0,1
BRDA:14,3,0,1
BRDA:14,3,1,1
BRDA:14,3,2,0
BRDA:14,4,0,1
BRDA:14,4,1,1
BRDA:15,5,0,1
BRDA:15,5,1,1
BRDA:15,5,2,0
BRDA:15,6,0,1
BRDA:15,6,1,1
BRF:15
BRH:10
end_of_record
TN:
SF:D:/Project Repo New/wfw-search-filters/src/app/search-filters-module/components/selected-refinements/selected-refinements.component.ts
FN:11,(anonymous_2)
FN:14,SelectedRefinementsComponent
FN:17,(anonymous_4)
FN:19,(anonymous_5)
FN:24,(anonymous_6)
FN:33,(anonymous_7)
FN:41,(anonymous_8)
FNF:7
FNH:1
FNDA:1,(anonymous_2)
FNDA:0,SelectedRefinementsComponent
FNDA:0,(anonymous_4)
FNDA:0,(anonymous_5)
FNDA:0,(anonymous_6)
FNDA:0,(anonymous_7)
FNDA:0,(anonymous_8)
DA:1,1
DA:3,1
DA:11,1
DA:14,0
DA:17,1
DA:19,0
DA:20,0
DA:24,1
DA:26,0
DA:33,1
DA:34,0
DA:41,1
DA:42,0
DA:44,1
LF:14
LH:8
BRDA:14,0,0,1
BRDA:14,0,1,0
BRDA:14,1,0,1
BRF:3
BRH:2
end_of_record
TN:
SF:D:/Project Repo New/wfw-search-filters/src/app/search-filters-module/services/refinement.service.ts
FN:9,(anonymous_2)
FN:15,RefinementService
FN:23,(anonymous_4)
FN:25,(anonymous_5)
FN:39,(anonymous_6)
FN:53,(anonymous_7)
FN:54,(anonymous_8)
FN:64,(anonymous_9)
FN:74,(anonymous_10)
FN:83,(anonymous_11)
FN:92,(anonymous_12)
FN:106,(anonymous_13)
FN:118,(anonymous_14)
FN:131,(anonymous_15)
FN:152,(anonymous_16)
FN:172,(anonymous_17)
FN:213,(anonymous_18)
FN:246,(anonymous_19)
FNF:18
FNH:2
FNDA:1,(anonymous_2)
FNDA:1,RefinementService
FNDA:0,(anonymous_4)
FNDA:0,(anonymous_5)
FNDA:0,(anonymous_6)
FNDA:0,(anonymous_7)
FNDA:0,(anonymous_8)
FNDA:0,(anonymous_9)
FNDA:0,(anonymous_10)
FNDA:0,(anonymous_11)
FNDA:0,(anonymous_12)
FNDA:0,(anonymous_13)
FNDA:0,(anonymous_14)
FNDA:0,(anonymous_15)
FNDA:0,(anonymous_16)
FNDA:0,(anonymous_17)
FNDA:0,(anonymous_18)
FNDA:0,(anonymous_19)
DA:2,1
DA:4,1
DA:6,1
DA:9,1
DA:10,1
DA:11,1
DA:12,1
DA:13,1
DA:15,1
DA:23,1
DA:24,0
DA:25,0
DA:26,0
DA:27,0
DA:28,0
DA:29,0
DA:32,0
DA:39,1
DA:40,0
DA:43,0
DA:44,0
DA:46,0
DA:53,1
DA:54,0
DA:55,0
DA:57,0
DA:64,1
DA:65,0
DA:66,0
DA:67,0
DA:74,1
DA:75,0
DA:83,1
DA:84,0
DA:92,1
DA:93,0
DA:94,0
DA:95,0
DA:97,0
DA:106,1
DA:107,0
DA:108,0
DA:109,0
DA:118,1
DA:119,0
DA:120,0
DA:122,0
DA:131,1
DA:132,0
DA:134,0
DA:137,0
DA:139,0
DA:141,0
DA:143,0
DA:152,1
DA:153,0
DA:154,0
DA:155,0
DA:156,0
DA:160,0
DA:163,0
DA:172,1
DA:173,0
DA:174,0
DA:175,0
DA:176,0
DA:177,0
DA:179,0
DA:180,0
DA:181,0
DA:182,0
DA:183,0
DA:188,0
DA:190,0
DA:191,0
DA:193,0
DA:194,0
DA:197,0
DA:198,0
DA:199,0
DA:201,0
DA:202,0
DA:203,0
DA:213,1
DA:214,0
DA:215,0
DA:217,0
DA:219,0
DA:220,0
DA:221,0
DA:223,0
DA:224,0
DA:225,0
DA:227,0
DA:229,0
DA:230,0
DA:231,0
DA:236,0
DA:237,0
DA:246,1
DA:247,0
DA:249,0
DA:250,0
DA:254,0
DA:256,1
LF:105
LH:24
BRDA:26,0,0,0
BRDA:26,0,1,0
BRDA:40,1,0,0
BRDA:40,1,1,0
BRDA:40,2,0,0
BRDA:40,2,1,0
BRDA:40,2,2,0
BRDA:40,2,3,0
BRDA:119,3,0,0
BRDA:119,3,1,0
BRDA:132,4,0,0
BRDA:132,4,1,0
BRDA:132,5,0,0
BRDA:132,5,1,0
BRDA:137,6,0,0
BRDA:137,6,1,0
BRDA:154,7,0,0
BRDA:154,7,1,0
BRDA:173,8,0,0
BRDA:173,8,1,0
BRDA:175,9,0,0
BRDA:175,9,1,0
BRDA:179,10,0,0
BRDA:179,10,1,0
BRDA:181,11,0,0
BRDA:181,11,1,0
BRDA:190,12,0,0
BRDA:190,12,1,0
BRDA:193,13,0,0
BRDA:193,13,1,0
BRDA:198,14,0,0
BRDA:198,14,1,0
BRDA:217,15,0,0
BRDA:217,15,1,0
BRDA:223,16,0,0
BRDA:223,16,1,0
BRDA:227,17,0,0
BRDA:227,17,1,0
BRDA:249,18,0,0
BRDA:249,18,1,0
BRDA:15,19,0,1
BRDA:15,19,1,0
BRDA:15,20,0,1
BRF:43
BRH:2
end_of_record
TN:
SF:D:/Project Repo New/wfw-search-filters/src/app/search-filters-module/services/tree-data-transform.service.ts
FN:13,(anonymous_2)
FN:18,TreeDataTransformService
FN:24,(anonymous_4)
FN:32,(anonymous_5)
FN:40,(anonymous_6)
FN:41,(anonymous_7)
FN:50,(anonymous_8)
FN:51,(anonymous_9)
FN:61,(anonymous_10)
FN:76,(anonymous_11)
FN:103,(anonymous_12)
FN:104,(anonymous_13)
FN:122,(anonymous_14)
FN:144,(anonymous_15)
FN:161,(anonymous_16)
FN:197,(anonymous_17)
FN:230,(anonymous_18)
FN:231,(anonymous_19)
FNF:18
FNH:8
FNDA:1,(anonymous_2)
FNDA:1,TreeDataTransformService
FNDA:0,(anonymous_4)
FNDA:0,(anonymous_5)
FNDA:0,(anonymous_6)
FNDA:0,(anonymous_7)
FNDA:0,(anonymous_8)
FNDA:0,(anonymous_9)
FNDA:1,(anonymous_10)
FNDA:1,(anonymous_11)
FNDA:1,(anonymous_12)
FNDA:0,(anonymous_13)
FNDA:1,(anonymous_14)
FNDA:3,(anonymous_15)
FNDA:0,(anonymous_16)
FNDA:1,(anonymous_17)
FNDA:0,(anonymous_18)
FNDA:0,(anonymous_19)
DA:1,1
DA:2,1
DA:10,1
DA:13,1
DA:14,1
DA:18,1
DA:24,1
DA:25,0
DA:32,1
DA:33,0
DA:40,1
DA:41,0
DA:42,0
DA:50,1
DA:51,0
DA:52,0
DA:61,1
DA:62,1
DA:65,1
DA:66,1
DA:67,0
DA:76,1
DA:77,1
DA:78,1
DA:79,1
DA:80,1
DA:85,1
DA:87,1
DA:88,1
DA:89,1
DA:90,1
DA:91,1
DA:92,1
DA:93,1
DA:94,1
DA:103,1
DA:104,1
DA:105,0
DA:107,0
DA:108,0
DA:110,0
DA:111,0
DA:112,0
DA:114,1
DA:122,1
DA:123,1
DA:124,1
DA:125,1
DA:126,1
DA:127,1
DA:128,1
DA:129,1
DA:130,1
DA:131,1
DA:133,0
DA:134,0
DA:137,1
DA:144,1
DA:145,3
DA:151,3
DA:161,1
DA:162,0
DA:163,0
DA:164,0
DA:165,0
DA:166,0
DA:167,0
DA:171,0
DA:173,0
DA:174,0
DA:175,0
DA:176,0
DA:179,0
DA:180,0
DA:181,0
DA:182,0
DA:188,0
DA:197,1
DA:198,1
DA:199,1
DA:200,1
DA:201,1
DA:202,1
DA:203,1
DA:204,1
DA:205,0
DA:206,0
DA:207,0
DA:208,0
DA:209,0
DA:210,0
DA:211,0
DA:214,0
DA:215,0
DA:216,0
DA:217,0
DA:218,0
DA:220,0
DA:223,0
DA:224,0
DA:225,0
DA:226,0
DA:230,0
DA:231,0
DA:232,0
DA:233,0
DA:238,0
DA:240,0
DA:241,0
DA:242,0
DA:243,0
DA:244,0
DA:246,0
DA:247,0
DA:248,0
DA:249,0
DA:250,0
DA:251,0
DA:252,0
DA:255,1
LF:120
LH:55
BRDA:107,0,0,0
BRDA:107,0,1,0
BRDA:110,1,0,0
BRDA:110,1,1,0
BRDA:130,2,0,1
BRDA:130,2,1,0
BRDA:163,3,0,0
BRDA:163,3,1,0
BRDA:166,4,0,0
BRDA:166,4,1,0
BRDA:173,5,0,0
BRDA:173,5,1,0
BRDA:174,6,0,0
BRDA:174,6,1,0
BRDA:175,7,0,0
BRDA:175,7,1,0
BRDA:179,8,0,0
BRDA:179,8,1,0
BRDA:179,9,0,0
BRDA:179,9,1,0
BRDA:181,10,0,0
BRDA:181,10,1,0
BRDA:205,11,0,0
BRDA:205,11,1,0
BRDA:210,12,0,0
BRDA:210,12,1,0
BRDA:223,13,0,0
BRDA:223,13,1,0
BRDA:232,14,0,0
BRDA:232,14,1,0
BRDA:238,15,0,0
BRDA:238,15,1,0
BRDA:18,16,0,1
BRDA:18,16,1,0
BRDA:18,17,0,1
BRF:35
BRH:3
end_of_record
